<?xml version="1.0" encoding="UTF-8"?>
<testsuite xmlns:xsi="http://www.w3.org/2001/XMLSchema-instance" xsi:noNamespaceSchemaLocation="https://maven.apache.org/surefire/maven-surefire-plugin/xsd/surefire-test-report.xsd" version="3.0.2" name="com.app.rdvmedical.RdvMedicalApplicationTests" time="6.268" tests="1" errors="0" skipped="0" failures="0" flakes="0">
  <properties>
[...]
</properties>
  <testcase name="contextLoads" classname="com.app.rdvmedical.RdvMedicalApplicationTests" time="0.482">
    <system-out><![CDATA[10:35:10.168 [main] INFO org.springframework.test.context.support.AnnotationConfigContextLoaderUtils -- Could not detect default configuration classes for test class [com.app.rdvmedical.RdvMedicalApplicationTests]: RdvMedicalApplicationTests does not declare any static, non-private, non-final, nested classes annotated with @Configuration.
10:35:10.342 [main] INFO org.springframework.boot.test.context.SpringBootTestContextBootstrapper -- Found @SpringBootConfiguration com.app.rdvmedical.RdvMedicalApplication for test class com.app.rdvmedical.RdvMedicalApplicationTests
10:35:10.445 [main] INFO org.springframework.test.context.support.AnnotationConfigContextLoaderUtils -- Could not detect default configuration classes for test class [com.app.rdvmedical.RdvMedicalApplicationTests]: RdvMedicalApplicationTests does not declare any static, non-private, non-final, nested classes annotated with @Configuration.
10:35:10.447 [main] INFO org.springframework.boot.test.context.SpringBootTestContextBootstrapper -- Found @SpringBootConfiguration com.app.rdvmedical.RdvMedicalApplication for test class com.app.rdvmedical.RdvMedicalApplicationTests

  .   ____          _            __ _ _
 /\\ / ___'_ __ _ _(_)_ __  __ _ \ \ \ \
( ( )\___ | '_ | '_| | '_ \/ _` | \ \ \ \
 \\/  ___)| |_)| | | | | || (_| |  ) ) ) )
  '  |____| .__|_| |_|_| |_\__, | / / / /
 =========|_|==============|___/=/_/_/_/

 :: Spring Boot ::                (v4.1.1)

2026-09-24T10:35:10.828+01:00  INFO 19368 --- [RdvMedical] [           main] c.a.r.RdvMedicalApplicationTests         : Starting RdvMedicalApplicationTests using Java 17.0.18 with PID 19368 (started by Zouari in D:\RdvMedical)
2026-09-24T10:35:10.830+01:00  INFO 19368 --- [RdvMedical] [           main] c.a.r.RdvMedicalApplicationTests         : No active profile set, falling back to 1 default profile: "default"
2026-09-24T10:35:11.547+01:00  INFO 19368 --- [RdvMedical] [           main] .s.d.r.c.RepositoryConfigurationDelegate : Bootstrapping Spring Data JPA repositories in DEFAULT mode.
2026-09-24T10:35:11.589+01:00  INFO 19368 --- [RdvMedical] [           main] .s.d.r.c.RepositoryConfigurationDelegate : Finished Spring Data repository scanning in 25 ms. Found 0 JPA repository interfaces.
2026-09-24T10:35:12.122+01:00  INFO 19368 --- [RdvMedical] [           main] org.hibernate.orm.jpa                    : HHH008540: Processing PersistenceUnitInfo [name: default]
2026-09-24T10:35:12.212+01:00  INFO 19368 --- [RdvMedical] [           main] org.hibernate.orm.core                   : HHH000001: Hibernate ORM core version 7.4.5.Final
2026-09-24T10:35:13.090+01:00  INFO 19368 --- [RdvMedical] [           main] o.s.o.j.p.SpringPersistenceUnitInfo      : No LoadTimeWeaver setup: ignoring JPA class transformer
2026-09-24T10:35:13.138+01:00  INFO 19368 --- [RdvMedical] [           main] com.zaxxer.hikari.HikariDataSource       : HikariPool-1 - Starting...
2026-09-24T10:35:13.415+01:00  INFO 19368 --- [RdvMedical] [           main] com.zaxxer.hikari.pool.HikariPool        : HikariPool-1 - Added connection com.mysql.cj.jdbc.ConnectionImpl@2b80497f
2026-09-24T10:35:13.417+01:00  INFO 19368 --- [RdvMedical] [           main] com.zaxxer.hikari.HikariDataSource       : HikariPool-1 - Start completed.
2026-09-24T10:35:13.499+01:00  WARN 19368 --- [RdvMedical] [           main] org.hibernate.orm.core                   : HHH000511: The 5.5.5 version for [org.hibernate.dialect.MySQLDialect] is no longer supported, hence certain features may not work properly.The minimum supported version is 8.0.0. Check the community dialects project for available legacy versions.
2026-09-24T10:35:13.534+01:00  INFO 19368 --- [RdvMedical] [           main] org.hibernate.orm.connections.pooling    : HHH10001005: Database info:
	Database JDBC URL [jdbc:mysql://localhost:3306/rdvmedical?createDatabaseIfNotExist=true&serverTimezone=UTC]
	Database driver: MySQL Connector/J
	Database dialect: MySQLDialect
	Database version: 5.5.5
	Default catalog/schema: rdvmedical/undefined
	Autocommit mode: undefined/unknown
	Isolation level: REPEATABLE_READ [default REPEATABLE_READ]
	JDBC fetch size: none
	Pool: DataSourceConnectionProvider
	Minimum pool size: undefined/unknown
	Maximum pool size: undefined/unknown
2026-09-24T10:35:14.716+01:00  INFO 19368 --- [RdvMedical] [           main] org.hibernate.orm.core                   : HHH000489: No JTA platform available (set 'hibernate.transaction.jta.platform' to enable JTA platform integration)
Hibernate: create table medecin (id integer not null auto_increment, adresse varchar(255), nom varchar(255), prenom varchar(255), specialite varchar(255), primary key (id)) engine=InnoDB
Hibernate: create table rdv (id integer not null auto_increment, date_rdv datetime(6), etat varchar(255), medecin_id integer, patient_id integer, primary key (id)) engine=InnoDB
Hibernate: alter table rdv add constraint FKdgct0jpj903rvesuauqqils7a foreign key (medecin_id) references medecin (id)
Hibernate: alter table rdv add constraint FK8t4hcbp21ag6r0o8tk1qsrjtg foreign key (patient_id) references patient (id)
2026-09-24T10:35:15.003+01:00  INFO 19368 --- [RdvMedical] [           main] j.LocalContainerEntityManagerFactoryBean : Initialized JPA EntityManagerFactory for persistence unit 'default'
2026-09-24T10:35:15.149+01:00  WARN 19368 --- [RdvMedical] [           main] JpaBaseConfiguration$JpaWebConfiguration : spring.jpa.open-in-view is enabled by default. Therefore, database queries may be performed during view rendering. Explicitly configure spring.jpa.open-in-view to disable this warning
2026-09-24T10:35:15.706+01:00  INFO 19368 --- [RdvMedical] [           main] c.a.r.RdvMedicalApplicationTests         : Started RdvMedicalApplicationTests in 5.191 seconds (process running for 6.463)
]]></system-out>
  </testcase>
</testsuite>